<?xml version="1.0" encoding="UTF-8"?>
<testsuite name="Cucumber" tests="4" skipped="0" failures="1" errors="0" time="7.287" hostname="SRomankovNB" timestamp="2020-10-04T17:15:56">
<properties>
<property name="file.encoding" value="windows-1251"/>
<property name="file.separator" value="\"/>
<property name="java.class.path" value="C:\Code\HomeProject\CucumberRestAssuredWithPico_Project\REST-assured_Cucumber_With_Picocontainer\CucumberAPI_DI_Framework\build\classes\java\test;C:\Code\HomeProject\CucumberRestAssuredWithPico_Project\REST-assured_Cucumber_With_Picocontainer\CucumberAPI_DI_Framework\build\classes\groovy\test;C:\Code\HomeProject\CucumberRestAssuredWithPico_Project\REST-assured_Cucumber_With_Picocontainer\CucumberAPI_DI_Framework\build\resources\test;C:\Code\HomeProject\CucumberRestAssuredWithPico_Project\REST-assured_Cucumber_With_Picocontainer\CucumberAPI_DI_Framework\build\classes\java\main;C:\Code\HomeProject\CucumberRestAssuredWithPico_Project\REST-assured_Cucumber_With_Picocontainer\CucumberAPI_DI_Framework\build\classes\groovy\main;C:\Code\HomeProject\CucumberRestAssuredWithPico_Project\REST-assured_Cucumber_With_Picocontainer\CucumberAPI_DI_Framework\build\resources\main;C:\Users\sromankov\.gradle\caches\modules-2\files-2.1\org.junit.jupiter\junit-jupiter-api\5.7.0\b25f3815c4c1860a73041e733a14a0379d00c4d5\junit-jupiter-api-5.7.0.jar;C:\Users\sromankov\.gradle\caches\modules-2\files-2.1\io.cucumber\cucumber-junit-platform-engine\6.8.0\ec496c8e14f173332a57df910190e689da80a552\cucumber-junit-platform-engine-6.8.0.jar;C:\Users\sromankov\.gradle\caches\modules-2\files-2.1\org.junit.platform\junit-platform-runner\1.7.0\b6aadf900ffa52d297913bd5b588e9f79c75fb0b\junit-platform-runner-1.7.0.jar;C:\Users\sromankov\.gradle\caches\modules-2\files-2.1\org.junit.platform\junit-platform-console\1.7.0\b9099f817f85ab98d711f9d23e1907a73ef629d8\junit-platform-console-1.7.0.jar;C:\Users\sromankov\.gradle\caches\modules-2\files-2.1\org.junit.platform\junit-platform-reporting\1.7.0\a31b9dc12b97e30cc3929bbacf03acb9fea46078\junit-platform-reporting-1.7.0.jar;C:\Users\sromankov\.gradle\caches\modules-2\files-2.1\org.junit.platform\junit-platform-launcher\1.7.0\cfd2d9c8b6ff9f3880faad828454cd0166bc12d7\junit-platform-launcher-1.7.0.jar;C:\Users\sromankov\.gradle\caches\modules-2\files-2.1\org.junit.platform\junit-platform-engine\1.7.0\eadb73c5074a4ac71061defd00fc176152a4d12c\junit-platform-engine-1.7.0.jar;C:\Users\sromankov\.gradle\caches\modules-2\files-2.1\org.junit.platform\junit-platform-commons\1.7.0\84e309fbf21d857aac079a3c1fffd84284e1114d\junit-platform-commons-1.7.0.jar;C:\Users\sromankov\.gradle\caches\modules-2\files-2.1\org.junit.platform\junit-platform-suite-api\1.7.0\3688071341a470f144f91a7e40c2e0b64c1cdee4\junit-platform-suite-api-1.7.0.jar;C:\Users\sromankov\.gradle\caches\modules-2\files-2.1\org.junit.jupiter\junit-jupiter-engine\5.7.0\d9044d6b45e2232ddd53fa56c15333e43d1749fd\junit-jupiter-engine-5.7.0.jar;C:\Users\sromankov\.gradle\caches\modules-2\files-2.1\io.cucumber\cucumber-java\6.8.0\8c08f46d3f8c69aa1c17925c3fe367dbbf106941\cucumber-java-6.8.0.jar;C:\Users\sromankov\.gradle\caches\modules-2\files-2.1\io.cucumber\cucumber-junit\6.8.0\2dbe09031356d00e4555244e1401be859f6d90c6\cucumber-junit-6.8.0.jar;C:\Users\sromankov\.gradle\caches\modules-2\files-2.1\io.cucumber\cucumber-picocontainer\6.8.0\3600ecca18c96271597986c37705a089bb142da8\cucumber-picocontainer-6.8.0.jar;C:\Users\sromankov\.gradle\caches\modules-2\files-2.1\io.rest-assured\rest-assured\4.3.1\d3730e2791df41ccd52680541fcbcdae3a5ed01\rest-assured-4.3.1.jar;C:\Users\sromankov\.gradle\caches\modules-2\files-2.1\io.cucumber\cucumber-core\6.8.0\eddaa89b59760468ba0fce4bb12c4db2443749b5\cucumber-core-6.8.0.jar;C:\Users\sromankov\.gradle\caches\modules-2\files-2.1\io.cucumber\cucumber-expressions\10.3.0\6387211ec92bc0abadf7cd88de77b2994257e60f\cucumber-expressions-10.3.0.jar;C:\Users\sromankov\.gradle\caches\modules-2\files-2.1\io.cucumber\datatable\3.5.0\54f1f18ceadb56cd78faa22438b8cd0450a0ce00\datatable-3.5.0.jar;C:\Users\sromankov\.gradle\caches\modules-2\files-2.1\io.cucumber\cucumber-gherkin-messages\6.8.0\3c31bc6d731026541e78d04d41a088398bba6dd4\cucumber-gherkin-messages-6.8.0.jar;C:\Users\sromankov\.gradle\caches\modules-2\files-2.1\io.cucumber\cucumber-gherkin\6.8.0\157f18d98da3a40f35d43741adc9c759b8badfb4\cucumber-gherkin-6.8.0.jar;C:\Users\sromankov\.gradle\caches\modules-2\files-2.1\io.cucumber\cucumber-plugin\6.8.0\1fb0d51bb7fb02cdbad7e50ded39c7ca74cdcb37\cucumber-plugin-6.8.0.jar;C:\Users\sromankov\.gradle\caches\modules-2\files-2.1\io.cucumber\docstring\6.8.0\1773336df12694609e782a814777a6de61b419d0\docstring-6.8.0.jar;C:\Users\sromankov\.gradle\caches\modules-2\files-2.1\org.apiguardian\apiguardian-api\1.1.0\fc9dff4bb36d627bdc553de77e1f17efd790876c\apiguardian-api-1.1.0.jar;C:\Users\sromankov\.gradle\caches\modules-2\files-2.1\org.opentest4j\opentest4j\1.2.0\28c11eb91f9b6d8e200631d46e20a7f407f2a046\opentest4j-1.2.0.jar;C:\Users\sromankov\.gradle\caches\modules-2\files-2.1\junit\junit\4.13\e49ccba652b735c93bd6e6f59760d8254cf597dd\junit-4.13.jar;C:\Users\sromankov\.gradle\caches\modules-2\files-2.1\org.picocontainer\picocontainer\2.15\1b05ebc330fb947f74fe98469f64f99e6bdd9892\picocontainer-2.15.jar;C:\Users\sromankov\.gradle\caches\modules-2\files-2.1\io.rest-assured\xml-path\4.3.1\98549dc968b061f8bee7dfb839d6251f435f74af\xml-path-4.3.1.jar;C:\Users\sromankov\.gradle\caches\modules-2\files-2.1\org.codehaus.groovy\groovy-xml\3.0.3\e9bad25305eb099ddbae05f743cecd94d798ad40\groovy-xml-3.0.3.jar;C:\Users\sromankov\.gradle\caches\modules-2\files-2.1\io.rest-assured\json-path\4.3.1\7b86bfcf8e23a6582322b596e4955235e8e1ede6\json-path-4.3.1.jar;C:\Users\sromankov\.gradle\caches\modules-2\files-2.1\org.codehaus.groovy\groovy-json\3.0.3\2596692397454bc879b2670bee85347bdd4afba4\groovy-json-3.0.3.jar;C:\Users\sromankov\.gradle\caches\modules-2\files-2.1\io.rest-assured\rest-assured-common\4.3.1\2c63d29c60ff7d4d8a5747e4197eaf7413a5b001\rest-assured-common-4.3.1.jar;C:\Users\sromankov\.gradle\caches\modules-2\files-2.1\org.codehaus.groovy\groovy\3.0.3\4cdb30d88ce52f489f1d7de2b001cb04d867224b\groovy-3.0.3.jar;C:\Users\sromankov\.gradle\caches\modules-2\files-2.1\org.apache.httpcomponents\httpmime\4.5.3\889fd6d061bb63b99dd5c6aba35a555ae863de52\httpmime-4.5.3.jar;C:\Users\sromankov\.gradle\caches\modules-2\files-2.1\org.apache.httpcomponents\httpclient\4.5.3\d1577ae15f01ef5438c5afc62162457c00a34713\httpclient-4.5.3.jar;C:\Users\sromankov\.gradle\caches\modules-2\files-2.1\org.hamcrest\hamcrest\2.1\9420ba32c29217b54eebd26ff7f9234d31c3fbb2\hamcrest-2.1.jar;C:\Users\sromankov\.gradle\caches\modules-2\files-2.1\org.ccil.cowan.tagsoup\tagsoup\1.2.1\5584627487e984c03456266d3f8802eb85a9ce97\tagsoup-1.2.1.jar;C:\Users\sromankov\.gradle\caches\modules-2\files-2.1\org.hamcrest\hamcrest-core\1.3\42a25dc3219429f0e5d060061f71acb49bf010a0\hamcrest-core-1.3.jar;C:\Users\sromankov\.gradle\caches\modules-2\files-2.1\io.cucumber\html-formatter\9.0.0\8fb822e1d56fc97d20310a34149cb125ac0eaedf\html-formatter-9.0.0.jar;C:\Users\sromankov\.gradle\caches\modules-2\files-2.1\io.cucumber\create-meta\2.0.2\3719f36be60df5895c64cf04d08f0a137dc5bbe1\create-meta-2.0.2.jar;C:\Users\sromankov\.gradle\caches\modules-2\files-2.1\io.cucumber\messages\13.1.0\7c7f38df77ba1effe2cbeeca50859a8e2b60f7bc\messages-13.1.0.jar;C:\Users\sromankov\.gradle\caches\modules-2\files-2.1\io.cucumber\tag-expressions\3.0.0\6633df0c66a36080d4223b385640153bac587728\tag-expressions-3.0.0.jar;C:\Users\sromankov\.gradle\caches\modules-2\files-2.1\org.apache.httpcomponents\httpcore\4.4.6\e3fd8ced1f52c7574af952e2e6da0df8df08eb82\httpcore-4.4.6.jar;C:\Users\sromankov\.gradle\caches\modules-2\files-2.1\commons-logging\commons-logging\1.2\4bfc12adfe4842bf07b657f0369c4cb522955686\commons-logging-1.2.jar;C:\Users\sromankov\.gradle\caches\modules-2\files-2.1\commons-codec\commons-codec\1.9\9ce04e34240f674bc72680f8b843b1457383161a\commons-codec-1.9.jar;C:\Users\sromankov\.gradle\caches\modules-2\files-2.1\org.apache.commons\commons-lang3\3.4\5fe28b9518e58819180a43a850fbc0dd24b7c050\commons-lang3-3.4.jar;C:\Users\sromankov\.gradle\caches\modules-2\files-2.1\com.sun.xml.bind\jaxb-impl\2.3.3\3758e8c1664979749e647a9ca8c7ea1cd83c9b1e\jaxb-impl-2.3.3.jar;C:\Users\sromankov\.gradle\caches\modules-2\files-2.1\jakarta.xml.bind\jakarta.xml.bind-api\2.3.3\48e3b9cfc10752fba3521d6511f4165bea951801\jakarta.xml.bind-api-2.3.3.jar;C:\Users\sromankov\.gradle\caches\modules-2\files-2.1\jakarta.activation\jakarta.activation-api\1.2.2\99f53adba383cb1bf7c3862844488574b559621f\jakarta.activation-api-1.2.2.jar"/>
<property name="java.class.version" value="57.0"/>
<property name="java.home" value="C:\Program Files\Java\jdk-13.0.1"/>
<property name="java.io.tmpdir" value="C:\Users\SROMAN~1\AppData\Local\Temp\"/>
<property name="java.library.path" value="C:\Program Files\Java\jdk-13.0.1\bin;C:\Windows\Sun\Java\bin;C:\Windows\system32;C:\Windows;C:\Program Files\Java\jdk-13.0.1\bin;C:\ProgramData\DockerDesktop\version-bin;C:\Program Files\Docker\Docker\Resources\bin;C:\Program Files (x86)\Common Files\Oracle\Java\javapath;C:\Program Files (x86)\Intel\iCLS Client\;C:\Program Files\Intel\iCLS Client\;C:\Windows\system32;C:\Windows;C:\Windows\System32\Wbem;C:\Windows\System32\WindowsPowerShell\v1.0\;C:\Program Files (x86)\NVIDIA Corporation\PhysX\Common;C:\Program Files (x86)\Intel\Intel(R) Management Engine Components\DAL;C:\Program Files\Intel\Intel(R) Management Engine Components\DAL;C:\Program Files (x86)\Intel\Intel(R) Management Engine Components\IPT;C:\Program Files\Intel\Intel(R) Management Engine Components\IPT;C:\Program Files\Java\jdk1.8.0_171\bin;C:\Program Files\Apache Software Foundation\apache-maven-3.6.0\bin;C:\Users\sromankov\.dnx\bin;C:\Program Files\Microsoft DNX\Dnvm\;C:\Program Files\Microsoft SQL Server\130\Tools\Binn\;C:\Program Files\Git\cmd;C:\Program Files\Git\mingw64\bin;C:\Program Files\Git\usr\bin;C:\Program Files (x86)\Calibre2\;C:\Program Files\PuTTY\;C:\Program Files (x86)\MySQL\MySQL Utilities 1.6\;C:\Users\sromankov\AppData\Local\Android\Sdk\platforms;C:\Users\sromankov\AppData\Local\Android\Sdk\platform-tools;C:\Users\sromankov\AppData\Local\Android\Sdk;C:\Program Files\Taurus\bin;C:\Program Files\Microsoft VS Code\bin;C:\Program Files (x86)\Brackets\command;C:\Program Files\Gradle\gradle-5.2.1\bin;C:\Program Files\PostgreSQL\11\bin;C:\Program Files\Intel\WiFi\bin\;C:\Program Files\Common Files\Intel\WirelessCommon\;C:\Program Files\nodejs\;C:\Program Files\NVIDIA Corporation\NVIDIA NvDLISR;C:\Program Files\nodejs\node_modules\npm\bin;C:\ProgramData\chocolatey\bin;C:\Program Files\MIT\Kerberos\bin;C:\Users\sromankov\scoop\shims;C:\Users\sromankov\AppData\Local\Programs\Python\Python37-32\Scripts\;C:\Users\sromankov\AppData\Local\Programs\Python\Python37-32\;C:\Users\sromankov\AppData\Local\Microsoft\WindowsApps;C:\Program Files\Microsoft VS Code\bin;C:\Users\sromankov\AppData\Local\atom\bin;C:\Users\sromankov\AppData\Local\Programs\Fiddler;C:\Program Files\JetBrains\PyCharm Community Edition 2018.3.2\bin;C:\Program Files\JetBrains\PhpStorm 2019.2.3\bin;C:\Selenium\chromedriver.exe;C:\Selenium\geckodriver.exe;C:\Users\sromankov\AppData\Roaming\npm;C:\Users\sromankov\AppData\Roaming\npm;;."/>
<property name="java.runtime.name" value="OpenJDK Runtime Environment"/>
<property name="java.runtime.version" value="13.0.1+9"/>
<property name="java.specification.name" value="Java Platform API Specification"/>
<property name="java.specification.vendor" value="Oracle Corporation"/>
<property name="java.specification.version" value="13"/>
<property name="java.vendor" value="Oracle Corporation"/>
<property name="java.vendor.url" value="https://java.oracle.com/"/>
<property name="java.vendor.url.bug" value="https://bugreport.java.com/bugreport/"/>
<property name="java.version" value="13.0.1"/>
<property name="java.version.date" value="2019-10-15"/>
<property name="java.vm.compressedOopsMode" value="Zero based"/>
<property name="java.vm.info" value="mixed mode, sharing"/>
<property name="java.vm.name" value="OpenJDK 64-Bit Server VM"/>
<property name="java.vm.specification.name" value="Java Virtual Machine Specification"/>
<property name="java.vm.specification.vendor" value="Oracle Corporation"/>
<property name="java.vm.specification.version" value="13"/>
<property name="java.vm.vendor" value="Oracle Corporation"/>
<property name="java.vm.version" value="13.0.1+9"/>
<property name="jdk.debug" value="release"/>
<property name="line.separator" value="
"/>
<property name="os.arch" value="amd64"/>
<property name="os.name" value="Windows 10"/>
<property name="os.version" value="10.0"/>
<property name="path.separator" value=";"/>
<property name="sun.arch.data.model" value="64"/>
<property name="sun.boot.library.path" value="C:\Program Files\Java\jdk-13.0.1\bin"/>
<property name="sun.cpu.endian" value="little"/>
<property name="sun.cpu.isalist" value="amd64"/>
<property name="sun.io.unicode.encoding" value="UnicodeLittle"/>
<property name="sun.java.command" value="org.junit.platform.console.ConsoleLauncher --scan-classpath --include-engine cucumber --reports-dir C:\Code\HomeProject\CucumberRestAssuredWithPico_Project\REST-assured_Cucumber_With_Picocontainer\CucumberAPI_DI_Framework\build\test-results"/>
<property name="sun.java.launcher" value="SUN_STANDARD"/>
<property name="sun.jnu.encoding" value="Cp1251"/>
<property name="sun.management.compiler" value="HotSpot 64-Bit Tiered Compilers"/>
<property name="sun.os.patch.level" value=""/>
<property name="user.country" value="US"/>
<property name="user.dir" value="C:\Code\HomeProject\CucumberRestAssuredWithPico_Project\REST-assured_Cucumber_With_Picocontainer\CucumberAPI_DI_Framework"/>
<property name="user.home" value="C:\Users\sromankov"/>
<property name="user.language" value="en"/>
<property name="user.name" value="sromankov"/>
<property name="user.script" value=""/>
<property name="user.timezone" value="Europe/Kiev"/>
<property name="user.variant" value=""/>
</properties>
<testcase name="Retrieving Users List" classname="Set Query Header And Get Users List" time="7.206">
<system-out><![CDATA[
unique-id: [engine:cucumber]/[feature:classpath%3Afeatures%2Ftest.feature]/[scenario:2]
display-name: Retrieving Users List
]]></system-out>
</testcase>
<testcase name="Retrieving Users Listus" classname="Set Query Header And Get Users List" time="7.22">
<failure message="1 expectation failed.
Expected status code &lt;400&gt; but was &lt;200&gt;.
" type="java.lang.AssertionError"><![CDATA[java.lang.AssertionError: 1 expectation failed.
Expected status code <400> but was <200>.

	at java.base/jdk.internal.reflect.NativeConstructorAccessorImpl.newInstance0(Native Method)
	at java.base/jdk.internal.reflect.NativeConstructorAccessorImpl.newInstance(NativeConstructorAccessorImpl.java:62)
	at java.base/jdk.internal.reflect.DelegatingConstructorAccessorImpl.newInstance(DelegatingConstructorAccessorImpl.java:45)
	at java.base/java.lang.reflect.Constructor.newInstanceWithCaller(Constructor.java:500)
	at java.base/java.lang.reflect.Constructor.newInstance(Constructor.java:481)
	at org.codehaus.groovy.reflection.CachedConstructor.invoke(CachedConstructor.java:72)
	at org.codehaus.groovy.reflection.CachedConstructor.doConstructorInvoke(CachedConstructor.java:59)
	at org.codehaus.groovy.runtime.callsite.ConstructorSite$ConstructorSiteNoUnwrap.callConstructor(ConstructorSite.java:84)
	at org.codehaus.groovy.runtime.callsite.CallSiteArray.defaultCallConstructor(CallSiteArray.java:59)
	at org.codehaus.groovy.runtime.callsite.AbstractCallSite.callConstructor(AbstractCallSite.java:263)
	at org.codehaus.groovy.runtime.callsite.AbstractCallSite.callConstructor(AbstractCallSite.java:277)
	at io.restassured.internal.ResponseSpecificationImpl$HamcrestAssertionClosure.validate(ResponseSpecificationImpl.groovy:493)
	at io.restassured.internal.ResponseSpecificationImpl$HamcrestAssertionClosure$validate$9.call(Unknown Source)
	at org.codehaus.groovy.runtime.callsite.CallSiteArray.defaultCall(CallSiteArray.java:47)
	at org.codehaus.groovy.runtime.callsite.AbstractCallSite.call(AbstractCallSite.java:125)
	at org.codehaus.groovy.runtime.callsite.AbstractCallSite.call(AbstractCallSite.java:139)
	at io.restassured.internal.ResponseSpecificationImpl.validateResponseIfRequired(ResponseSpecificationImpl.groovy:674)
	at java.base/jdk.internal.reflect.NativeMethodAccessorImpl.invoke0(Native Method)
	at java.base/jdk.internal.reflect.NativeMethodAccessorImpl.invoke(NativeMethodAccessorImpl.java:62)
	at java.base/jdk.internal.reflect.DelegatingMethodAccessorImpl.invoke(DelegatingMethodAccessorImpl.java:43)
	at java.base/java.lang.reflect.Method.invoke(Method.java:567)
	at org.codehaus.groovy.runtime.callsite.PlainObjectMetaMethodSite.doInvoke(PlainObjectMetaMethodSite.java:43)
	at org.codehaus.groovy.runtime.callsite.PogoMetaMethodSite$PogoCachedMethodSiteNoUnwrapNoCoerce.invoke(PogoMetaMethodSite.java:193)
	at org.codehaus.groovy.runtime.callsite.PogoMetaMethodSite.callCurrent(PogoMetaMethodSite.java:61)
	at org.codehaus.groovy.runtime.callsite.CallSiteArray.defaultCallCurrent(CallSiteArray.java:51)
	at org.codehaus.groovy.runtime.callsite.AbstractCallSite.callCurrent(AbstractCallSite.java:171)
	at org.codehaus.groovy.runtime.callsite.AbstractCallSite.callCurrent(AbstractCallSite.java:185)
	at io.restassured.internal.ResponseSpecificationImpl.statusCode(ResponseSpecificationImpl.groovy:126)
	at io.restassured.specification.ResponseSpecification$statusCode$3.callCurrent(Unknown Source)
	at org.codehaus.groovy.runtime.callsite.CallSiteArray.defaultCallCurrent(CallSiteArray.java:51)
	at org.codehaus.groovy.runtime.callsite.AbstractCallSite.callCurrent(AbstractCallSite.java:171)
	at org.codehaus.groovy.runtime.callsite.AbstractCallSite.callCurrent(AbstractCallSite.java:185)
	at io.restassured.internal.ResponseSpecificationImpl.statusCode(ResponseSpecificationImpl.groovy:134)
	at io.restassured.internal.ValidatableResponseOptionsImpl.statusCode(ValidatableResponseOptionsImpl.java:89)
	at io.restassured.internal.ValidatableResponseImpl.super$2$statusCode(ValidatableResponseImpl.groovy)
	at java.base/jdk.internal.reflect.NativeMethodAccessorImpl.invoke0(Native Method)
	at java.base/jdk.internal.reflect.NativeMethodAccessorImpl.invoke(NativeMethodAccessorImpl.java:62)
	at java.base/jdk.internal.reflect.DelegatingMethodAccessorImpl.invoke(DelegatingMethodAccessorImpl.java:43)
	at java.base/java.lang.reflect.Method.invoke(Method.java:567)
	at org.codehaus.groovy.reflection.CachedMethod.invoke(CachedMethod.java:107)
	at groovy.lang.MetaMethod.doMethodInvoke(MetaMethod.java:323)
	at groovy.lang.MetaClassImpl.invokeMethod(MetaClassImpl.java:1262)
	at org.codehaus.groovy.runtime.ScriptBytecodeAdapter.invokeMethodOnSuperN(ScriptBytecodeAdapter.java:144)
	at io.restassured.internal.ValidatableResponseImpl.statusCode(ValidatableResponseImpl.groovy:142)
	at io.restassured.internal.ValidatableResponseImpl.statusCode(ValidatableResponseImpl.groovy)
	at stepdefs.GenericStepDefinitions.verify_status_code(GenericStepDefinitions.java:23)
	at âœ½.The status code is 400(classpath:features/test.feature:16)
]]></failure>
<system-out><![CDATA[
unique-id: [engine:cucumber]/[feature:classpath%3Afeatures%2Ftest.feature]/[scenario:10]
display-name: Retrieving Users Listus
]]></system-out>
</testcase>
<testcase name="Retrieving Users List2" classname="Set Query Header And Get Users List" time="7.206">
<system-out><![CDATA[
unique-id: [engine:cucumber]/[feature:classpath%3Afeatures%2Ftest1.feature]/[scenario:2]
display-name: Retrieving Users List2
]]></system-out>
</testcase>
<testcase name="Retrieving Users Listus2" classname="Set Query Header And Get Users List" time="7.207">
<system-out><![CDATA[
unique-id: [engine:cucumber]/[feature:classpath%3Afeatures%2Ftest1.feature]/[scenario:10]
display-name: Retrieving Users Listus2
]]></system-out>
</testcase>
<system-out><![CDATA[
unique-id: [engine:cucumber]
display-name: Cucumber
]]></system-out>
</testsuite>
